#
# There is insufficient memory for the Java Runtime Environment to continue.
# Native memory allocation (malloc) failed to allocate 785856 bytes for Chunk::new
# Possible reasons:
#   The system is out of physical RAM or swap space
#   In 32 bit mode, the process size limit was hit
# Possible solutions:
#   Reduce memory load on the system
#   Increase physical memory or swap space
#   Check if swap backing store is full
#   Use 64 bit Java on a 64 bit OS
#   Decrease Java heap size (-Xmx/-Xms)
#   Decrease number of Java threads
#   Decrease Java thread stack sizes (-Xss)
#   Set larger code cache with -XX:ReservedCodeCacheSize=
# This output file may be truncated or incomplete.
#
#  Out of Memory Error (allocation.cpp:390), pid=10324, tid=0x0000000000002064
#
# JRE version: Java(TM) SE Runtime Environment (8.0_111-b14) (build 1.8.0_111-b14)
# Java VM: Java HotSpot(TM) 64-Bit Server VM (25.111-b14 mixed mode windows-amd64 compressed oops)
# Failed to write core dump. Minidumps are not enabled by default on client versions of Windows
#

---------------  T H R E A D  ---------------

Current thread (0x0000000017233000):  JavaThread "C2 CompilerThread0" daemon [_thread_in_native, id=8292, stack(0x00000000189c0000,0x0000000018ac0000)]

Stack: [0x00000000189c0000,0x0000000018ac0000]
[error occurred during error reporting (printing stack bounds), id 0xc0000005]

Native frames: (J=compiled Java code, j=interpreted, Vv=VM code, C=native code)


Current CompileTask:
C2:  44285 5486       4       org.springframework.core.ResolvableType::as (81 bytes)


---------------  P R O C E S S  ---------------

Java Threads: ( => current thread )
  0x0000000019965000 JavaThread "restartedMain" [_thread_in_native, id=5768, stack(0x000000001af90000,0x000000001b090000)]
  0x0000000019964000 JavaThread "Thread-0" [_thread_blocked, id=9836, stack(0x000000001ae90000,0x000000001af90000)]
  0x0000000018cfa000 JavaThread "Service Thread" daemon [_thread_blocked, id=408, stack(0x00000000190c0000,0x00000000191c0000)]
  0x000000001723e000 JavaThread "C1 CompilerThread2" daemon [_thread_blocked, id=8476, stack(0x0000000018bc0000,0x0000000018cc0000)]
  0x0000000017237800 JavaThread "C2 CompilerThread1" daemon [_thread_in_native, id=5148, stack(0x0000000018ac0000,0x0000000018bc0000)]
=>0x0000000017233000 JavaThread "C2 CompilerThread0" daemon [_thread_in_native, id=8292, stack(0x00000000189c0000,0x0000000018ac0000)]
  0x0000000017231000 JavaThread "Attach Listener" daemon [_thread_blocked, id=7972, stack(0x00000000188c0000,0x00000000189c0000)]
  0x000000001722f800 JavaThread "Signal Dispatcher" daemon [_thread_blocked, id=10184, stack(0x00000000187c0000,0x00000000188c0000)]
  0x00000000026ee000 JavaThread "Finalizer" daemon [_thread_blocked, id=6388, stack(0x0000000018490000,0x0000000018590000)]
  0x00000000026e5000 JavaThread "Reference Handler" daemon [_thread_blocked, id=6888, stack(0x0000000018390000,0x0000000018490000)]
  0x00000000025f5800 JavaThread "main" [_thread_blocked, id=6000, stack(0x00000000024f0000,0x00000000025f0000)]

Other Threads:
  0x00000000171f7800 VMThread [stack: 0x0000000018290000,0x0000000018390000] [id=4824]
  0x0000000018d3b000 WatcherThread [stack: 0x00000000191c0000,0x00000000192c0000] [id=8304]

VM state:not at safepoint (normal execution)

VM Mutex/Monitor currently owned by a thread: None

Heap:
 PSYoungGen      total 371712K, used 17706K [0x00000000d5e00000, 0x00000000f4180000, 0x0000000100000000)
  eden space 344064K, 5% used [0x00000000d5e00000,0x00000000d6f4a868,0x00000000eae00000)
  from space 27648K, 0% used [0x00000000eae00000,0x00000000eae00000,0x00000000ec900000)
  to   space 28672K, 0% used [0x00000000f2580000,0x00000000f2580000,0x00000000f4180000)
 ParOldGen       total 111104K, used 39840K [0x0000000081a00000, 0x0000000088680000, 0x00000000d5e00000)
  object space 111104K, 35% used [0x0000000081a00000,0x00000000840e81e8,0x0000000088680000)
 Metaspace       used 58442K, capacity 59312K, committed 59736K, reserved 1101824K
  class space    used 7620K, capacity 7807K, committed 7936K, reserved 1048576K

Card table byte_map: [0x0000000011ab0000,0x0000000011eb0000] byte_map_base: 0x00000000116a3000

Marking Bits: (ParMarkBitMap*) 0x00000000519aa6c0
 Begin Bits: [0x0000000012560000, 0x00000000144f8000)
 End Bits:   [0x00000000144f8000, 0x0000000016490000)

Polling page: 0x0000000000c20000

CodeCache: size=245760Kb used=16948Kb max_used=16948Kb free=228811Kb
 bounds [0x00000000026f0000, 0x00000000037a0000, 0x00000000116f0000]
 total_blobs=5747 nmethods=5207 adapters=453
 compilation: enabled

Compilation events (10 events):
Event: 44.206 Thread 0x000000001723e000 6102 % !   3       java.util.concurrent.ConcurrentHashMap::clear @ 10 (176 bytes)
Event: 44.208 Thread 0x000000001723e000 nmethod 6102% 0x000000000378cf10 code [0x000000000378d100, 0x000000000378de78]
Event: 44.208 Thread 0x000000001723e000 6103       1       java.util.concurrent.atomic.AtomicInteger::get (5 bytes)
Event: 44.209 Thread 0x000000001723e000 nmethod 6103 0x000000000378e390 code [0x000000000378e4e0, 0x000000000378e5f0]
Event: 44.212 Thread 0x000000001723e000 6104       2       org.springframework.boot.logging.logback.ColorConverter::transform (60 bytes)
Event: 44.213 Thread 0x000000001723e000 nmethod 6104 0x000000000378e650 code [0x000000000378e840, 0x000000000378ed68]
Event: 44.214 Thread 0x000000001723e000 6105       2       oracle.jdbc.driver.PhysicalConnection$1::run (19 bytes)
Event: 44.215 Thread 0x000000001723e000 nmethod 6105 0x000000000378f150 code [0x000000000378f300, 0x000000000378f6d8]
Event: 44.215 Thread 0x000000001723e000 6106       2       oracle.net.jdbc.nl.NVTokens::getToken (60 bytes)
Event: 44.215 Thread 0x000000001723e000 nmethod 6106 0x000000000378fad0 code [0x000000000378fc60, 0x000000000378ffc8]

GC Heap History (10 events):
Event: 17.118 GC heap before
{Heap before GC invocations=10 (full 2):
 PSYoungGen      total 295936K, used 15055K [0x00000000d5e00000, 0x00000000ead80000, 0x0000000100000000)
  eden space 278528K, 0% used [0x00000000d5e00000,0x00000000d5e00000,0x00000000e6e00000)
  from space 17408K, 86% used [0x00000000e8080000,0x00000000e8f33fc8,0x00000000e9180000)
  to   space 18944K, 0% used [0x00000000e6e00000,0x00000000e6e00000,0x00000000e8080000)
 ParOldGen       total 64000K, used 16898K [0x0000000081a00000, 0x0000000085880000, 0x00000000d5e00000)
  object space 64000K, 26% used [0x0000000081a00000,0x0000000082a809a8,0x0000000085880000)
 Metaspace       used 34957K, capacity 35392K, committed 35456K, reserved 1081344K
  class space    used 4369K, capacity 4473K, committed 4480K, reserved 1048576K
Event: 17.452 GC heap after
Heap after GC invocations=10 (full 2):
 PSYoungGen      total 295936K, used 0K [0x00000000d5e00000, 0x00000000ead80000, 0x0000000100000000)
  eden space 278528K, 0% used [0x00000000d5e00000,0x00000000d5e00000,0x00000000e6e00000)
  from space 17408K, 0% used [0x00000000e8080000,0x00000000e8080000,0x00000000e9180000)
  to   space 18944K, 0% used [0x00000000e6e00000,0x00000000e6e00000,0x00000000e8080000)
 ParOldGen       total 111104K, used 24669K [0x0000000081a00000, 0x0000000088680000, 0x00000000d5e00000)
  object space 111104K, 22% used [0x0000000081a00000,0x0000000083217630,0x0000000088680000)
 Metaspace       used 34957K, capacity 35392K, committed 35456K, reserved 1081344K
  class space    used 4369K, capacity 4473K, committed 4480K, reserved 1048576K
}
Event: 36.383 GC heap before
{Heap before GC invocations=11 (full 2):
 PSYoungGen      total 295936K, used 278528K [0x00000000d5e00000, 0x00000000ead80000, 0x0000000100000000)
  eden space 278528K, 100% used [0x00000000d5e00000,0x00000000e6e00000,0x00000000e6e00000)
  from space 17408K, 0% used [0x00000000e8080000,0x00000000e8080000,0x00000000e9180000)
  to   space 18944K, 0% used [0x00000000e6e00000,0x00000000e6e00000,0x00000000e8080000)
 ParOldGen       total 111104K, used 24669K [0x0000000081a00000, 0x0000000088680000, 0x00000000d5e00000)
  object space 111104K, 22% used [0x0000000081a00000,0x0000000083217630,0x0000000088680000)
 Metaspace       used 52944K, capacity 53586K, committed 53888K, reserved 1095680K
  class space    used 6864K, capacity 7033K, committed 7040K, reserved 1048576K
Event: 36.463 GC heap after
Heap after GC invocations=11 (full 2):
 PSYoungGen      total 297472K, used 18924K [0x00000000d5e00000, 0x00000000ee200000, 0x0000000100000000)
  eden space 278528K, 0% used [0x00000000d5e00000,0x00000000d5e00000,0x00000000e6e00000)
  from space 18944K, 99% used [0x00000000e6e00000,0x00000000e807b140,0x00000000e8080000)
  to   space 25600K, 0% used [0x00000000ec900000,0x00000000ec900000,0x00000000ee200000)
 ParOldGen       total 111104K, used 34546K [0x0000000081a00000, 0x0000000088680000, 0x00000000d5e00000)
  object space 111104K, 31% used [0x0000000081a00000,0x0000000083bbc8c0,0x0000000088680000)
 Metaspace       used 52944K, capacity 53586K, committed 53888K, reserved 1095680K
  class space    used 6864K, capacity 7033K, committed 7040K, reserved 1048576K
}
Event: 41.590 GC heap before
{Heap before GC invocations=12 (full 2):
 PSYoungGen      total 297472K, used 297452K [0x00000000d5e00000, 0x00000000ee200000, 0x0000000100000000)
  eden space 278528K, 100% used [0x00000000d5e00000,0x00000000e6e00000,0x00000000e6e00000)
  from space 18944K, 99% used [0x00000000e6e00000,0x00000000e807b140,0x00000000e8080000)
  to   space 25600K, 0% used [0x00000000ec900000,0x00000000ec900000,0x00000000ee200000)
 ParOldGen       total 111104K, used 34546K [0x0000000081a00000, 0x0000000088680000, 0x00000000d5e00000)
  object space 111104K, 31% used [0x0000000081a00000,0x0000000083bbc8c0,0x0000000088680000)
 Metaspace       used 57398K, capacity 58160K, committed 58496K, reserved 1099776K
  class space    used 7505K, capacity 7684K, committed 7808K, reserved 1048576K
Event: 41.661 GC heap after
Heap after GC invocations=12 (full 2):
 PSYoungGen      total 369664K, used 20807K [0x00000000d5e00000, 0x00000000ee600000, 0x0000000100000000)
  eden space 344064K, 0% used [0x00000000d5e00000,0x00000000d5e00000,0x00000000eae00000)
  from space 25600K, 81% used [0x00000000ec900000,0x00000000edd51fe8,0x00000000ee200000)
  to   space 27648K, 0% used [0x00000000eae00000,0x00000000eae00000,0x00000000ec900000)
 ParOldGen       total 111104K, used 34554K [0x0000000081a00000, 0x0000000088680000, 0x00000000d5e00000)
  object space 111104K, 31% used [0x0000000081a00000,0x0000000083bbe8c0,0x0000000088680000)
 Metaspace       used 57398K, capacity 58160K, committed 58496K, reserved 1099776K
  class space    used 7505K, capacity 7684K, committed 7808K, reserved 1048576K
}
Event: 43.539 GC heap before
{Heap before GC invocations=13 (full 2):
 PSYoungGen      total 369664K, used 99032K [0x00000000d5e00000, 0x00000000ee600000, 0x0000000100000000)
  eden space 344064K, 22% used [0x00000000d5e00000,0x00000000daa64328,0x00000000eae00000)
  from space 25600K, 81% used [0x00000000ec900000,0x00000000edd51fe8,0x00000000ee200000)
  to   space 27648K, 0% used [0x00000000eae00000,0x00000000eae00000,0x00000000ec900000)
 ParOldGen       total 111104K, used 34554K [0x0000000081a00000, 0x0000000088680000, 0x00000000d5e00000)
  object space 111104K, 31% used [0x0000000081a00000,0x0000000083bbe8c0,0x0000000088680000)
 Metaspace       used 58162K, capacity 58984K, committed 59096K, reserved 1101824K
  class space    used 7584K, capacity 7778K, committed 7808K, reserved 1048576K
Event: 43.591 GC heap after
Heap after GC invocations=13 (full 2):
 PSYoungGen      total 371712K, used 19331K [0x00000000d5e00000, 0x00000000f4180000, 0x0000000100000000)
  eden space 344064K, 0% used [0x00000000d5e00000,0x00000000d5e00000,0x00000000eae00000)
  from space 27648K, 69% used [0x00000000eae00000,0x00000000ec0e0c18,0x00000000ec900000)
  to   space 28672K, 0% used [0x00000000f2580000,0x00000000f2580000,0x00000000f4180000)
 ParOldGen       total 111104K, used 34554K [0x0000000081a00000, 0x0000000088680000, 0x00000000d5e00000)
  object space 111104K, 31% used [0x0000000081a00000,0x0000000083bbe8c0,0x0000000088680000)
 Metaspace       used 58162K, capacity 58984K, committed 59096K, reserved 1101824K
  class space    used 7584K, capacity 7778K, committed 7808K, reserved 1048576K
}
Event: 43.591 GC heap before
{Heap before GC invocations=14 (full 3):
 PSYoungGen      total 371712K, used 19331K [0x00000000d5e00000, 0x00000000f4180000, 0x0000000100000000)
  eden space 344064K, 0% used [0x00000000d5e00000,0x00000000d5e00000,0x00000000eae00000)
  from space 27648K, 69% used [0x00000000eae00000,0x00000000ec0e0c18,0x00000000ec900000)
  to   space 28672K, 0% used [0x00000000f2580000,0x00000000f2580000,0x00000000f4180000)
 ParOldGen       total 111104K, used 34554K [0x0000000081a00000, 0x0000000088680000, 0x00000000d5e00000)
  object space 111104K, 31% used [0x0000000081a00000,0x0000000083bbe8c0,0x0000000088680000)
 Metaspace       used 58162K, capacity 58984K, committed 59096K, reserved 1101824K
  class space    used 7584K, capacity 7778K, committed 7808K, reserved 1048576K
Event: 44.056 GC heap after
Heap after GC invocations=14 (full 3):
 PSYoungGen      total 371712K, used 0K [0x00000000d5e00000, 0x00000000f4180000, 0x0000000100000000)
  eden space 344064K, 0% used [0x00000000d5e00000,0x00000000d5e00000,0x00000000eae00000)
  from space 27648K, 0% used [0x00000000eae00000,0x00000000eae00000,0x00000000ec900000)
  to   space 28672K, 0% used [0x00000000f2580000,0x00000000f2580000,0x00000000f4180000)
 ParOldGen       total 111104K, used 39840K [0x0000000081a00000, 0x0000000088680000, 0x00000000d5e00000)
  object space 111104K, 35% used [0x0000000081a00000,0x00000000840e81e8,0x0000000088680000)
 Metaspace       used 58143K, capacity 58954K, committed 59096K, reserved 1101824K
  class space    used 7581K, capacity 7773K, committed 7808K, reserved 1048576K
}

Deoptimization events (10 events):
Event: 41.020 Thread 0x0000000019965000 Uncommon trap: reason=unstable_if action=reinterpret pc=0x0000000002f7c37c method=org.springframework.core.annotation.AnnotationUtils.searchOnInterfaces(Ljava/lang/reflect/Method;Ljava/lang/Class;[Ljava/lang/Class;)Ljava/lang/annotation/Annotation; @ 32
Event: 42.694 Thread 0x0000000019965000 Uncommon trap: reason=class_check action=maybe_recompile pc=0x00000000028f3adc method=java.lang.String.equals(Ljava/lang/Object;)Z @ 8
Event: 42.696 Thread 0x0000000019965000 Uncommon trap: reason=class_check action=maybe_recompile pc=0x00000000028f3adc method=java.lang.String.equals(Ljava/lang/Object;)Z @ 8
Event: 42.696 Thread 0x0000000019965000 Uncommon trap: reason=class_check action=maybe_recompile pc=0x00000000028f3adc method=java.lang.String.equals(Ljava/lang/Object;)Z @ 8
Event: 42.699 Thread 0x0000000019965000 Uncommon trap: reason=class_check action=maybe_recompile pc=0x00000000028f3adc method=java.lang.String.equals(Ljava/lang/Object;)Z @ 8
Event: 42.862 Thread 0x0000000019965000 Uncommon trap: reason=bimorphic action=maybe_recompile pc=0x0000000002d9a77c method=org.springframework.core.env.PropertySource.containsProperty(Ljava/lang/String;)Z @ 2
Event: 42.862 Thread 0x0000000019965000 Uncommon trap: reason=bimorphic action=maybe_recompile pc=0x0000000002d9a77c method=org.springframework.core.env.PropertySource.containsProperty(Ljava/lang/String;)Z @ 2
Event: 42.862 Thread 0x0000000019965000 Uncommon trap: reason=bimorphic action=maybe_recompile pc=0x0000000002d9a77c method=org.springframework.core.env.PropertySource.containsProperty(Ljava/lang/String;)Z @ 2
Event: 42.863 Thread 0x0000000019965000 Uncommon trap: reason=bimorphic action=maybe_recompile pc=0x0000000002d9a77c method=org.springframework.core.env.PropertySource.containsProperty(Ljava/lang/String;)Z @ 2
Event: 44.156 Thread 0x0000000019965000 Uncommon trap: reason=unstable_if action=reinterpret pc=0x0000000002d70bcc method=org.springframework.util.ConcurrentReferenceHashMap$Segment.restructureIfNecessary(Z)V @ 33

Internal exceptions (10 events):
Event: 43.369 Thread 0x0000000019965000 Exception <a 'java/lang/ClassNotFoundException': org/springframework/boot/actuate/endpoint/jmx/EndpointMBeanCustomizer> (0x00000000da4b1808) thrown at [C:\re\workspace\8-2-build-windows-amd64-cygwin\jdk8u111\7883\hotspot\src\share\vm\classfile\systemDicti
Event: 43.372 Thread 0x0000000019965000 Exception <a 'java/lang/ClassNotFoundException': org/springframework/boot/actuate/endpoint/jmx/JmxEndpointCustomizer> (0x00000000da4d65a8) thrown at [C:\re\workspace\8-2-build-windows-amd64-cygwin\jdk8u111\7883\hotspot\src\share\vm\classfile\systemDiction
Event: 43.421 Thread 0x0000000019965000 Exception <a 'java/lang/ClassNotFoundException': java/lang/ObjectCustomizer> (0x00000000da5b28a8) thrown at [C:\re\workspace\8-2-build-windows-amd64-cygwin\jdk8u111\7883\hotspot\src\share\vm\classfile\systemDictionary.cpp, line 210]
Event: 43.423 Thread 0x0000000019965000 Exception <a 'java/lang/ClassNotFoundException': org/springframework/boot/actuate/endpoint/jmx/EndpointMBeanCustomizer> (0x00000000da5cf928) thrown at [C:\re\workspace\8-2-build-windows-amd64-cygwin\jdk8u111\7883\hotspot\src\share\vm\classfile\systemDicti
Event: 43.425 Thread 0x0000000019965000 Exception <a 'java/lang/ClassNotFoundException': org/springframework/boot/actuate/endpoint/jmx/LoggersEndpointMBeanCustomizer> (0x00000000da5f21d0) thrown at [C:\re\workspace\8-2-build-windows-amd64-cygwin\jdk8u111\7883\hotspot\src\share\vm\classfile\syst
Event: 43.427 Thread 0x0000000019965000 Exception <a 'java/lang/ClassNotFoundException': org/springframework/boot/actuate/endpoint/jmx/JmxEndpointCustomizer> (0x00000000da61b908) thrown at [C:\re\workspace\8-2-build-windows-amd64-cygwin\jdk8u111\7883\hotspot\src\share\vm\classfile\systemDiction
Event: 44.090 Thread 0x0000000019965000 Exception <a 'java/net/BindException': Address already in use: bind> (0x00000000d6100498) thrown at [C:\re\workspace\8-2-build-windows-amd64-cygwin\jdk8u111\7883\hotspot\src\share\vm\prims\jni.cpp, line 735]
Event: 44.133 Thread 0x000000001ebbe000 Exception <a 'java/lang/InterruptedException': sleep interrupted> (0x00000000d6654be8) thrown at [C:\re\workspace\8-2-build-windows-amd64-cygwin\jdk8u111\7883\hotspot\src\share\vm\prims\jvm.cpp, line 3224]
Event: 44.155 Thread 0x000000001c235000 Exception <a 'java/lang/InterruptedException': sleep interrupted> (0x00000000d6b5eff0) thrown at [C:\re\workspace\8-2-build-windows-amd64-cygwin\jdk8u111\7883\hotspot\src\share\vm\prims\jvm.cpp, line 3224]
Event: 44.198 Thread 0x0000000019739800 Exception <a 'java/lang/InterruptedException': sleep interrupted> (0x00000000d5e15ab0) thrown at [C:\re\workspace\8-2-build-windows-amd64-cygwin\jdk8u111\7883\hotspot\src\share\vm\prims\jvm.cpp, line 3224]

Events (10 events):
Event: 44.195 loading class java/util/Collections$ReverseComparator
Event: 44.195 loading class java/util/Collections$ReverseComparator done
Event: 44.196 loading class org/springframework/context/support/DefaultLifecycleProcessor$1
Event: 44.196 loading class org/springframework/context/support/DefaultLifecycleProcessor$1 done
Event: 44.198 Executing VM operation: RevokeBias
Event: 44.199 Executing VM operation: RevokeBias done
Event: 44.199 Thread 0x0000000019739800 Thread exited: 0x0000000019739800
Event: 44.208 Executing VM operation: RevokeBias
Event: 44.209 Executing VM operation: RevokeBias done
Event: 44.209 Thread 0x0000000020b9c000 Thread exited: 0x0000000020b9c000


Dynamic libraries:
0x00007ff796730000 - 0x00007ff796767000 	C:\Program Files\Java\jdk1.8.0_111\jre\bin\java.exe
0x00007ffc58310000 - 0x00007ffc584b6000 	C:\WINDOWS\SYSTEM32\ntdll.dll
0x00007ffc58110000 - 0x00007ffc5824a000 	C:\WINDOWS\system32\KERNEL32.DLL
0x00007ffc559e0000 - 0x00007ffc55aef000 	C:\WINDOWS\system32\KERNELBASE.dll
0x00007ffc542c0000 - 0x00007ffc54348000 	C:\WINDOWS\system32\apphelp.dll
0x00007ffc3cd10000 - 0x00007ffc3cd5f000 	C:\WINDOWS\AppPatch\AppPatch64\AcGenral.DLL
0x00007ffc55c60000 - 0x00007ffc55d07000 	C:\WINDOWS\system32\msvcrt.dll
0x00007ffc55460000 - 0x00007ffc5548b000 	C:\WINDOWS\SYSTEM32\SspiCli.dll
0x00007ffc56010000 - 0x00007ffc56061000 	C:\WINDOWS\system32\SHLWAPI.dll
0x00007ffc563c0000 - 0x00007ffc56531000 	C:\WINDOWS\system32\USER32.dll
0x00007ffc565a0000 - 0x00007ffc56718000 	C:\WINDOWS\system32\ole32.dll
0x00007ffc56c60000 - 0x00007ffc5806f000 	C:\WINDOWS\system32\SHELL32.dll
0x00007ffc54ca0000 - 0x00007ffc54cbe000 	C:\WINDOWS\SYSTEM32\USERENV.dll
0x00007ffc58260000 - 0x00007ffc58305000 	C:\WINDOWS\system32\ADVAPI32.dll
0x00007ffc4d620000 - 0x00007ffc4d63b000 	C:\WINDOWS\SYSTEM32\MPR.dll
0x00007ffc55d10000 - 0x00007ffc55e47000 	C:\WINDOWS\system32\RPCRT4.dll
0x00007ffc55f70000 - 0x00007ffc55fc7000 	C:\WINDOWS\SYSTEM32\sechost.dll
0x00007ffc56070000 - 0x00007ffc56246000 	C:\WINDOWS\SYSTEM32\combase.dll
0x00007ffc56250000 - 0x00007ffc56394000 	C:\WINDOWS\system32\GDI32.dll
0x00007ffc55690000 - 0x00007ffc556a4000 	C:\WINDOWS\SYSTEM32\profapi.dll
0x00007ffc53910000 - 0x00007ffc539af000 	C:\WINDOWS\SYSTEM32\SHCORE.dll
0x00007ffc55fd0000 - 0x00007ffc56004000 	C:\WINDOWS\system32\IMM32.DLL
0x00007ffc568c0000 - 0x00007ffc569f9000 	C:\WINDOWS\system32\MSCTF.dll
0x00007ffc53070000 - 0x00007ffc532ca000 	C:\WINDOWS\WinSxS\amd64_microsoft.windows.common-controls_6595b64144ccf1df_6.0.9600.17031_none_6242a4b3ecbb55a1\COMCTL32.dll
0x00000000510b0000 - 0x0000000051182000 	C:\Program Files\Java\jdk1.8.0_111\jre\bin\msvcr100.dll
0x0000000051190000 - 0x0000000051a2a000 	C:\Program Files\Java\jdk1.8.0_111\jre\bin\server\jvm.dll
0x00007ffc4d6a0000 - 0x00007ffc4d6a9000 	C:\WINDOWS\SYSTEM32\WSOCK32.dll
0x00007ffc50c00000 - 0x00007ffc50c1f000 	C:\WINDOWS\SYSTEM32\WINMM.dll
0x00007ffc4fd70000 - 0x00007ffc4fd7a000 	C:\WINDOWS\SYSTEM32\VERSION.dll
0x00007ffc56c50000 - 0x00007ffc56c57000 	C:\WINDOWS\system32\PSAPI.DLL
0x00007ffc55e50000 - 0x00007ffc55ea8000 	C:\WINDOWS\system32\WS2_32.dll
0x00007ffc50bd0000 - 0x00007ffc50bfa000 	C:\WINDOWS\SYSTEM32\WINMMBASE.dll
0x00007ffc58250000 - 0x00007ffc58259000 	C:\WINDOWS\system32\NSI.dll
0x00007ffc55940000 - 0x00007ffc5598a000 	C:\WINDOWS\SYSTEM32\cfgmgr32.dll
0x00007ffc54510000 - 0x00007ffc54536000 	C:\WINDOWS\SYSTEM32\DEVOBJ.dll
0x0000000051060000 - 0x000000005106f000 	C:\Program Files\Java\jdk1.8.0_111\jre\bin\verify.dll
0x0000000051030000 - 0x0000000051059000 	C:\Program Files\Java\jdk1.8.0_111\jre\bin\java.dll
0x0000000051010000 - 0x0000000051026000 	C:\Program Files\Java\jdk1.8.0_111\jre\bin\zip.dll
0x0000000050ff0000 - 0x000000005100a000 	C:\Program Files\Java\jdk1.8.0_111\jre\bin\net.dll
0x00007ffc54ef0000 - 0x00007ffc54f48000 	C:\WINDOWS\system32\mswsock.dll
0x00007ffc506f0000 - 0x00007ffc50719000 	C:\WINDOWS\SYSTEM32\IPHLPAPI.DLL
0x00007ffc506d0000 - 0x00007ffc506da000 	C:\WINDOWS\SYSTEM32\WINNSI.DLL
0x00007ffc50140000 - 0x00007ffc50154000 	C:\WINDOWS\SYSTEM32\dhcpcsvc6.DLL
0x00007ffc50400000 - 0x00007ffc50419000 	C:\WINDOWS\SYSTEM32\dhcpcsvc.DLL
0x00007ffc54d00000 - 0x00007ffc54da3000 	C:\WINDOWS\SYSTEM32\DNSAPI.dll
0x00007ffc4d850000 - 0x00007ffc4d859000 	C:\Windows\System32\rasadhlp.dll
0x00007ffc50390000 - 0x00007ffc503f8000 	C:\WINDOWS\System32\fwpuclnt.dll
0x0000000050d80000 - 0x0000000050d8d000 	C:\Program Files\Java\jdk1.8.0_111\jre\bin\management.dll
0x00007ffc4d900000 - 0x00007ffc4d914000 	C:\WINDOWS\system32\napinsp.dll
0x00007ffc4d8e0000 - 0x00007ffc4d8f9000 	C:\WINDOWS\system32\pnrpnsp.dll
0x00007ffc51bc0000 - 0x00007ffc51bd9000 	C:\WINDOWS\system32\NLAapi.dll
0x00007ffc4d880000 - 0x00007ffc4d88c000 	C:\WINDOWS\System32\winrnr.dll
0x00007ffc4d860000 - 0x00007ffc4d873000 	C:\WINDOWS\system32\wshbth.dll
0x0000000050fd0000 - 0x0000000050fe1000 	C:\Program Files\Java\jdk1.8.0_111\jre\bin\nio.dll
0x00007ffc54f50000 - 0x00007ffc54f6e000 	C:\WINDOWS\SYSTEM32\CRYPTSP.dll
0x00007ffc54b90000 - 0x00007ffc54bc5000 	C:\WINDOWS\system32\rsaenh.dll
0x00007ffc55180000 - 0x00007ffc551a6000 	C:\WINDOWS\SYSTEM32\bcrypt.dll
0x00007ffc554a0000 - 0x00007ffc55500000 	C:\WINDOWS\system32\bcryptprimitives.dll
0x00007ffc55500000 - 0x00007ffc5550a000 	C:\WINDOWS\SYSTEM32\CRYPTBASE.dll
0x0000000050d50000 - 0x0000000050d74000 	C:\Program Files\Java\jdk1.8.0_111\jre\bin\sunec.dll

VM Arguments:
java_command: org.tyit.pnc.Application
java_class_path (initial): C:\Users\Public\workspace\reimagined-eureka\server\target\classes;C:\Users\User\.m2\repository\org\springframework\cloud\spring-cloud-starter-oauth2\1.2.1.RELEASE\spring-cloud-starter-oauth2-1.2.1.RELEASE.jar;C:\Users\User\.m2\repository\org\springframework\cloud\spring-cloud-starter-security\1.2.1.RELEASE\spring-cloud-starter-security-1.2.1.RELEASE.jar;C:\Users\User\.m2\repository\org\springframework\cloud\spring-cloud-starter\1.2.4.RELEASE\spring-cloud-starter-1.2.4.RELEASE.jar;C:\Users\User\.m2\repository\org\springframework\cloud\spring-cloud-context\1.2.4.RELEASE\spring-cloud-context-1.2.4.RELEASE.jar;C:\Users\User\.m2\repository\org\springframework\security\spring-security-crypto\4.2.3.RELEASE\spring-security-crypto-4.2.3.RELEASE.jar;C:\Users\User\.m2\repository\org\springframework\cloud\spring-cloud-commons\1.2.4.RELEASE\spring-cloud-commons-1.2.4.RELEASE.jar;C:\Users\User\.m2\repository\org\springframework\security\spring-security-rsa\1.0.3.RELEASE\spring-security-rsa-1.0.3.RELEASE.jar;C:\Users\User\.m2\repository\org\springframework\boot\spring-boot-starter-actuator\1.5.8.RELEASE\spring-boot-starter-actuator-1.5.8.RELEASE.jar;C:\Users\User\.m2\repository\org\springframework\boot\spring-boot-actuator\1.5.8.RELEASE\spring-boot-actuator-1.5.8.RELEASE.jar;C:\Users\User\.m2\repository\org\springframework\cloud\spring-cloud-security\1.2.1.RELEASE\spring-cloud-security-1.2.1.RELEASE.jar;C:\Users\User\.m2\repository\org\springframework\security\oauth\spring-security-oauth2\2.0.14.RELEASE\spring-security-oauth2-2.0.14.RELEASE.jar;C:\Users\User\.m2\repository\org\springframework\spring-beans\4.3.12.RELEASE\spring-beans-4.3.12.RELEASE.jar;C:\Users\User\.m2\repository\org\springframework\spring-context\4.3.12.RELEASE\spring-context-4.3.12.RELEASE.jar;C:\Users\User\.m2\repository\commons-codec\commons-codec\1.10\commons-codec-1.10.jar;C:\Users\User\.m2\repository\org\codehaus\jackson\jackson-mapper-asl\1.9.13\jackson-mapper-asl-1.9.13.jar;C:
Launcher Type: SUN_STANDARD

Environment Variables:
JAVA_HOME=C:\Program Files\Java\jdk1.8.0_111
CLASSPATH=.;
PATH=C:\Users\User\workspace\bin;C:\oraclexe\app\oracle\product\11.2.0\server\bin;C:\oraclexe\app\oracle\product\11.2.0\server\bin;C:\ProgramData\Oracle\Java\javapath;C:\Program Files (x86)\Intel\TXE Components\TCS\;C:\Program Files\Intel\TXE Components\TCS\;C:\WINDOWS\system32;C:\WINDOWS;C:\WINDOWS\System32\Wbem;C:\WINDOWS\System32\WindowsPowerShell\v1.0\;C:\Program Files\nodejs\;C:\ProgramData\chocolatey\bin;C:\Program Files\Java\jdk1.8.0_144\bin;C:\Program Files\Microsoft SQL Server\130\Tools\Binn\;C:\Program Files\dotnet\;C:\Android;C:\Windows\System32;C:\Program Files (x86)\MySQL\MySQL Server 5.6\bin;C:\Program Files\Microsoft\Web Platform Installer\;C:\Program Files (x86)\Microsoft ASP.NET\ASP.NET Web Pages\v1.0\;C:\Program Files\Microsoft SQL Server\110\Tools\Binn\;C:\Program Files\Microsoft SQL Server\Client SDK\ODBC\110\Tools\Binn\;C:\Program Files (x86)\Microsoft SQL Server\120\Tools\Binn\;C:\Program Files\Microsoft SQL Server\120\Tools\Binn\;C:\Program Files\Microsoft SQL Server\120\DTS\Binn\;C:\Program Files\Git\cmd;C:\Program Files\Git\mingw64\bin;C:\Program Files\Git\usr\bin;C:\Users\User\AppData\Local\Programs\Python\Python36\Scripts\;C:\Users\User\AppData\Local\Programs\Python\Python36\;C:\Users\User\AppData\Local\atom\bin;C:\Users\User\AppData\Roaming\npm;C:\Program Files\Java\jdk1.8.0_111\bin;C:\tools\mysql\current\bin;C:\Program Files\Microsoft VS Code\bin;C:\Program Files\Docker Toolbox;C:\Program Files\Oracle\VirtualBox
USERNAME=Home
OS=Windows_NT
PROCESSOR_IDENTIFIER=Intel64 Family 6 Model 55 Stepping 8, GenuineIntel



---------------  S Y S T E M  ---------------

OS: Windows 8.1 , 64 bit Build 9600 (6.3.9600.17056)

CPU:total 4 (4 cores per cpu, 1 threads per core) family 6 model 55 stepping 8, cmov, cx8, fxsr, mmx, sse, sse2, sse3, ssse3, sse4.1, sse4.2, popcnt, clmul, erms, 3dnowpref, tsc, tscinvbit

Memory: 4k page, physical 8277876k(882076k free), swap 11423604k(5652k free)

vm_info: Java HotSpot(TM) 64-Bit Server VM (25.111-b14) for windows-amd64 JRE (1.8.0_111-b14), built on Sep 22 2016 19:24:05 by "java_re" with MS VC++ 10.0 (VS2010)

time: Thu Mar 01 23:57:34 2018
elapsed time: 44 seconds (0d 0h 0m 44s)

