#
# There is insufficient memory for the Java Runtime Environment to continue.
# Native memory allocation (malloc) failed to allocate 1379520 bytes for Chunk::new
# Possible reasons:
#   The system is out of physical RAM or swap space
#   In 32 bit mode, the process size limit was hit
# Possible solutions:
#   Reduce memory load on the system
#   Increase physical memory or swap space
#   Check if swap backing store is full
#   Use 64 bit Java on a 64 bit OS
#   Decrease Java heap size (-Xmx/-Xms)
#   Decrease number of Java threads
#   Decrease Java thread stack sizes (-Xss)
#   Set larger code cache with -XX:ReservedCodeCacheSize=
# This output file may be truncated or incomplete.
#
#  Out of Memory Error (allocation.cpp:390), pid=5284, tid=0x00000000000004cc
#
# JRE version: Java(TM) SE Runtime Environment (8.0_144-b01) (build 1.8.0_144-b01)
# Java VM: Java HotSpot(TM) 64-Bit Server VM (25.144-b01 mixed mode windows-amd64 compressed oops)
# Failed to write core dump. Minidumps are not enabled by default on client versions of Windows
#

---------------  T H R E A D  ---------------

Current thread (0x0000000016caa800):  JavaThread "C2 CompilerThread1" daemon [_thread_in_native, id=1228, stack(0x0000000018520000,0x0000000018620000)]

Stack: [0x0000000018520000,0x0000000018620000]
[error occurred during error reporting (printing stack bounds), id 0xc0000005]

Native frames: (J=compiled Java code, j=interpreted, Vv=VM code, C=native code)


Current CompileTask:
C2:  42356 4270       4       org.springframework.util.ReflectionUtils::findMethod (111 bytes)


---------------  P R O C E S S  ---------------

Java Threads: ( => current thread )
  0x0000000018a58800 JavaThread "container-0" [_thread_blocked, id=8272, stack(0x0000000020900000,0x0000000020a00000)]
  0x0000000019328800 JavaThread "ContainerBackgroundProcessor[StandardEngine[Tomcat]]" daemon [_thread_blocked, id=3616, stack(0x0000000020800000,0x0000000020900000)]
  0x000000001d2fb000 JavaThread "localhost-startStop-1" daemon [_thread_blocked, id=5716, stack(0x000000001f040000,0x000000001f140000)]
  0x000000001b522800 JavaThread "Tomcat-startStop-1" daemon [_thread_blocked, id=908, stack(0x000000001aaf0000,0x000000001abf0000)]
  0x0000000019a04000 JavaThread "restartedMain" [_thread_in_native, id=9196, stack(0x000000001a9f0000,0x000000001aaf0000)]
  0x000000001951d800 JavaThread "Thread-0" [_thread_blocked, id=8380, stack(0x000000001a8f0000,0x000000001a9f0000)]
  0x0000000018758800 JavaThread "Service Thread" daemon [_thread_blocked, id=7432, stack(0x0000000018b20000,0x0000000018c20000)]
  0x0000000016cb3000 JavaThread "C1 CompilerThread2" daemon [_thread_blocked, id=5212, stack(0x0000000018620000,0x0000000018720000)]
=>0x0000000016caa800 JavaThread "C2 CompilerThread1" daemon [_thread_in_native, id=1228, stack(0x0000000018520000,0x0000000018620000)]
  0x0000000016ca9000 JavaThread "C2 CompilerThread0" daemon [_thread_blocked, id=7220, stack(0x0000000018420000,0x0000000018520000)]
  0x0000000016ca7000 JavaThread "Attach Listener" daemon [_thread_blocked, id=1728, stack(0x0000000018320000,0x0000000018420000)]
  0x0000000016ca6000 JavaThread "Signal Dispatcher" daemon [_thread_blocked, id=3480, stack(0x0000000018220000,0x0000000018320000)]
  0x0000000016c8f000 JavaThread "Finalizer" daemon [_thread_blocked, id=3380, stack(0x0000000017ef0000,0x0000000017ff0000)]
  0x0000000002127000 JavaThread "Reference Handler" daemon [_thread_blocked, id=8784, stack(0x0000000017df0000,0x0000000017ef0000)]
  0x0000000002035800 JavaThread "main" [_thread_blocked, id=7892, stack(0x0000000001f30000,0x0000000002030000)]

Other Threads:
  0x0000000016c67800 VMThread [stack: 0x0000000017cf0000,0x0000000017df0000] [id=9128]
  0x0000000016cfe800 WatcherThread [stack: 0x0000000018c20000,0x0000000018d20000] [id=7800]

VM state:not at safepoint (normal execution)

VM Mutex/Monitor currently owned by a thread: None

Heap:
 PSYoungGen      total 197632K, used 132616K [0x00000000d5e00000, 0x00000000e2d00000, 0x0000000100000000)
  eden space 187904K, 70% used [0x00000000d5e00000,0x00000000ddf82010,0x00000000e1580000)
  from space 9728K, 0% used [0x00000000e2380000,0x00000000e2380000,0x00000000e2d00000)
  to   space 11776K, 0% used [0x00000000e1600000,0x00000000e1600000,0x00000000e2180000)
 ParOldGen       total 108544K, used 24801K [0x0000000081a00000, 0x0000000088400000, 0x00000000d5e00000)
  object space 108544K, 22% used [0x0000000081a00000,0x0000000083238758,0x0000000088400000)
 Metaspace       used 46688K, capacity 47194K, committed 47488K, reserved 1091584K
  class space    used 6029K, capacity 6167K, committed 6272K, reserved 1048576K

Card table byte_map: [0x00000000114f0000,0x00000000118f0000] byte_map_base: 0x00000000110e3000

Marking Bits: (ParMarkBitMap*) 0x000000005244d850
 Begin Bits: [0x0000000011fa0000, 0x0000000013f38000)
 End Bits:   [0x0000000013f38000, 0x0000000015ed0000)

Polling page: 0x0000000001dd0000

CodeCache: size=245760Kb used=14670Kb max_used=14684Kb free=231089Kb
 bounds [0x0000000002130000, 0x0000000002fa0000, 0x0000000011130000]
 total_blobs=4612 nmethods=4101 adapters=424
 compilation: enabled

Compilation events (10 events):
Event: 41.110 Thread 0x0000000016cb3000 nmethod 4771 0x0000000002f89e10 code [0x0000000002f8a040, 0x0000000002f8ab18]
Event: 41.110 Thread 0x0000000016cb3000 4770       3       oracle.jdbc.driver.PhysicalConnection::getSystemProperty (40 bytes)
Event: 41.110 Thread 0x0000000016cb3000 nmethod 4770 0x0000000002f8b210 code [0x0000000002f8b3a0, 0x0000000002f8b868]
Event: 41.132 Thread 0x0000000016ca9000 nmethod 4645 0x0000000002f90a10 code [0x0000000002f90ca0, 0x0000000002f92fb0]
Event: 41.132 Thread 0x0000000016ca9000 4271       4       java.util.AbstractList$Itr::<init> (6 bytes)
Event: 41.133 Thread 0x0000000016ca9000 nmethod 4271 0x0000000002f8db10 code [0x0000000002f8dc40, 0x0000000002f8dcd8]
Event: 41.133 Thread 0x0000000016ca9000 4266       4       sun.reflect.misc.ReflectUtil::isNonPublicProxyClass (51 bytes)
Event: 41.170 Thread 0x0000000016ca9000 nmethod 4266 0x0000000002f950d0 code [0x0000000002f952a0, 0x0000000002f95e68]
Event: 41.170 Thread 0x0000000016ca9000 4272       4       java.util.AbstractList$Itr::<init> (31 bytes)
Event: 41.171 Thread 0x0000000016ca9000 nmethod 4272 0x0000000002f8c390 code [0x0000000002f8c4c0, 0x0000000002f8c558]

GC Heap History (10 events):
Event: 19.057 GC heap before
{Heap before GC invocations=6 (full 1):
 PSYoungGen      total 138240K, used 133120K [0x00000000d5e00000, 0x00000000dea00000, 0x0000000100000000)
  eden space 133120K, 100% used [0x00000000d5e00000,0x00000000de000000,0x00000000de000000)
  from space 5120K, 0% used [0x00000000de500000,0x00000000de500000,0x00000000dea00000)
  to   space 5120K, 0% used [0x00000000de000000,0x00000000de000000,0x00000000de500000)
 ParOldGen       total 63488K, used 7881K [0x0000000081a00000, 0x0000000085800000, 0x00000000d5e00000)
  object space 63488K, 12% used [0x0000000081a00000,0x00000000821b25f0,0x0000000085800000)
 Metaspace       used 23311K, capacity 23768K, committed 24064K, reserved 1071104K
  class space    used 2905K, capacity 3037K, committed 3072K, reserved 1048576K
Event: 19.070 GC heap after
Heap after GC invocations=6 (full 1):
 PSYoungGen      total 138240K, used 5101K [0x00000000d5e00000, 0x00000000e2e00000, 0x0000000100000000)
  eden space 133120K, 0% used [0x00000000d5e00000,0x00000000d5e00000,0x00000000de000000)
  from space 5120K, 99% used [0x00000000de000000,0x00000000de4fb7a0,0x00000000de500000)
  to   space 10752K, 0% used [0x00000000e2380000,0x00000000e2380000,0x00000000e2e00000)
 ParOldGen       total 63488K, used 9437K [0x0000000081a00000, 0x0000000085800000, 0x00000000d5e00000)
  object space 63488K, 14% used [0x0000000081a00000,0x00000000823376d8,0x0000000085800000)
 Metaspace       used 23311K, capacity 23768K, committed 24064K, reserved 1071104K
  class space    used 2905K, capacity 3037K, committed 3072K, reserved 1048576K
}
Event: 22.409 GC heap before
{Heap before GC invocations=7 (full 1):
 PSYoungGen      total 138240K, used 138221K [0x00000000d5e00000, 0x00000000e2e00000, 0x0000000100000000)
  eden space 133120K, 100% used [0x00000000d5e00000,0x00000000de000000,0x00000000de000000)
  from space 5120K, 99% used [0x00000000de000000,0x00000000de4fb7a0,0x00000000de500000)
  to   space 10752K, 0% used [0x00000000e2380000,0x00000000e2380000,0x00000000e2e00000)
 ParOldGen       total 63488K, used 9437K [0x0000000081a00000, 0x0000000085800000, 0x00000000d5e00000)
  object space 63488K, 14% used [0x0000000081a00000,0x00000000823376d8,0x0000000085800000)
 Metaspace       used 26422K, capacity 26782K, committed 27136K, reserved 1073152K
  class space    used 3353K, capacity 3470K, committed 3584K, reserved 1048576K
Event: 22.426 GC heap after
Heap after GC invocations=7 (full 1):
 PSYoungGen      total 197632K, used 9585K [0x00000000d5e00000, 0x00000000e2d00000, 0x0000000100000000)
  eden space 187904K, 0% used [0x00000000d5e00000,0x00000000d5e00000,0x00000000e1580000)
  from space 9728K, 98% used [0x00000000e2380000,0x00000000e2cdc568,0x00000000e2d00000)
  to   space 11776K, 0% used [0x00000000e1600000,0x00000000e1600000,0x00000000e2180000)
 ParOldGen       total 63488K, used 9437K [0x0000000081a00000, 0x0000000085800000, 0x00000000d5e00000)
  object space 63488K, 14% used [0x0000000081a00000,0x00000000823376d8,0x0000000085800000)
 Metaspace       used 26422K, capacity 26782K, committed 27136K, reserved 1073152K
  class space    used 3353K, capacity 3470K, committed 3584K, reserved 1048576K
}
Event: 31.498 GC heap before
{Heap before GC invocations=8 (full 1):
 PSYoungGen      total 197632K, used 197489K [0x00000000d5e00000, 0x00000000e2d00000, 0x0000000100000000)
  eden space 187904K, 100% used [0x00000000d5e00000,0x00000000e1580000,0x00000000e1580000)
  from space 9728K, 98% used [0x00000000e2380000,0x00000000e2cdc568,0x00000000e2d00000)
  to   space 11776K, 0% used [0x00000000e1600000,0x00000000e1600000,0x00000000e2180000)
 ParOldGen       total 63488K, used 9437K [0x0000000081a00000, 0x0000000085800000, 0x00000000d5e00000)
  object space 63488K, 14% used [0x0000000081a00000,0x00000000823376d8,0x0000000085800000)
 Metaspace       used 32185K, capacity 32576K, committed 32896K, reserved 1077248K
  class space    used 4050K, capacity 4153K, committed 4224K, reserved 1048576K
Event: 31.555 GC heap after
Heap after GC invocations=8 (full 1):
 PSYoungGen      total 199680K, used 11754K [0x00000000d5e00000, 0x00000000e2d00000, 0x0000000100000000)
  eden space 187904K, 0% used [0x00000000d5e00000,0x00000000d5e00000,0x00000000e1580000)
  from space 11776K, 99% used [0x00000000e1600000,0x00000000e217a910,0x00000000e2180000)
  to   space 9728K, 0% used [0x00000000e2380000,0x00000000e2380000,0x00000000e2d00000)
 ParOldGen       total 63488K, used 16833K [0x0000000081a00000, 0x0000000085800000, 0x00000000d5e00000)
  object space 63488K, 26% used [0x0000000081a00000,0x0000000082a70558,0x0000000085800000)
 Metaspace       used 32185K, capacity 32576K, committed 32896K, reserved 1077248K
  class space    used 4050K, capacity 4153K, committed 4224K, reserved 1048576K
}
Event: 32.986 GC heap before
{Heap before GC invocations=9 (full 1):
 PSYoungGen      total 199680K, used 95776K [0x00000000d5e00000, 0x00000000e2d00000, 0x0000000100000000)
  eden space 187904K, 44% used [0x00000000d5e00000,0x00000000db00d8a0,0x00000000e1580000)
  from space 11776K, 99% used [0x00000000e1600000,0x00000000e217a910,0x00000000e2180000)
  to   space 9728K, 0% used [0x00000000e2380000,0x00000000e2380000,0x00000000e2d00000)
 ParOldGen       total 63488K, used 16833K [0x0000000081a00000, 0x0000000085800000, 0x00000000d5e00000)
  object space 63488K, 26% used [0x0000000081a00000,0x0000000082a70558,0x0000000085800000)
 Metaspace       used 35017K, capacity 35392K, committed 35456K, reserved 1081344K
  class space    used 4376K, capacity 4473K, committed 4480K, reserved 1048576K
Event: 33.025 GC heap after
Heap after GC invocations=9 (full 1):
 PSYoungGen      total 197632K, used 9725K [0x00000000d5e00000, 0x00000000e2d00000, 0x0000000100000000)
  eden space 187904K, 0% used [0x00000000d5e00000,0x00000000d5e00000,0x00000000e1580000)
  from space 9728K, 99% used [0x00000000e2380000,0x00000000e2cff540,0x00000000e2d00000)
  to   space 11776K, 0% used [0x00000000e1600000,0x00000000e1600000,0x00000000e2180000)
 ParOldGen       total 63488K, used 22524K [0x0000000081a00000, 0x0000000085800000, 0x00000000d5e00000)
  object space 63488K, 35% used [0x0000000081a00000,0x0000000082fff178,0x0000000085800000)
 Metaspace       used 35017K, capacity 35392K, committed 35456K, reserved 1081344K
  class space    used 4376K, capacity 4473K, committed 4480K, reserved 1048576K
}
Event: 33.025 GC heap before
{Heap before GC invocations=10 (full 2):
 PSYoungGen      total 197632K, used 9725K [0x00000000d5e00000, 0x00000000e2d00000, 0x0000000100000000)
  eden space 187904K, 0% used [0x00000000d5e00000,0x00000000d5e00000,0x00000000e1580000)
  from space 9728K, 99% used [0x00000000e2380000,0x00000000e2cff540,0x00000000e2d00000)
  to   space 11776K, 0% used [0x00000000e1600000,0x00000000e1600000,0x00000000e2180000)
 ParOldGen       total 63488K, used 22524K [0x0000000081a00000, 0x0000000085800000, 0x00000000d5e00000)
  object space 63488K, 35% used [0x0000000081a00000,0x0000000082fff178,0x0000000085800000)
 Metaspace       used 35017K, capacity 35392K, committed 35456K, reserved 1081344K
  class space    used 4376K, capacity 4473K, committed 4480K, reserved 1048576K
Event: 33.381 GC heap after
Heap after GC invocations=10 (full 2):
 PSYoungGen      total 197632K, used 0K [0x00000000d5e00000, 0x00000000e2d00000, 0x0000000100000000)
  eden space 187904K, 0% used [0x00000000d5e00000,0x00000000d5e00000,0x00000000e1580000)
  from space 9728K, 0% used [0x00000000e2380000,0x00000000e2380000,0x00000000e2d00000)
  to   space 11776K, 0% used [0x00000000e1600000,0x00000000e1600000,0x00000000e2180000)
 ParOldGen       total 108544K, used 24801K [0x0000000081a00000, 0x0000000088400000, 0x00000000d5e00000)
  object space 108544K, 22% used [0x0000000081a00000,0x0000000083238758,0x0000000088400000)
 Metaspace       used 35017K, capacity 35392K, committed 35456K, reserved 1081344K
  class space    used 4376K, capacity 4473K, committed 4480K, reserved 1048576K
}

Deoptimization events (10 events):
Event: 39.037 Thread 0x0000000019a04000 Uncommon trap: reason=bimorphic action=maybe_recompile pc=0x00000000025356e4 method=java.util.regex.Pattern$Curly.match0(Ljava/util/regex/Matcher;IILjava/lang/CharSequence;)Z @ 170
Event: 39.515 Thread 0x0000000019a04000 Uncommon trap: reason=bimorphic action=maybe_recompile pc=0x0000000002dc13f4 method=java.lang.ClassLoader.loadClass(Ljava/lang/String;Z)Ljava/lang/Class; @ 2
Event: 39.866 Thread 0x0000000019a04000 Uncommon trap: reason=class_check action=maybe_recompile pc=0x0000000002a3c140 method=java.util.TreeMap.put(Ljava/lang/Object;Ljava/lang/Object;)Ljava/lang/Object; @ 127
Event: 39.877 Thread 0x0000000019a04000 Uncommon trap: reason=class_check action=maybe_recompile pc=0x0000000002a3c140 method=java.util.TreeMap.put(Ljava/lang/Object;Ljava/lang/Object;)Ljava/lang/Object; @ 127
Event: 39.882 Thread 0x0000000019a04000 Uncommon trap: reason=class_check action=maybe_recompile pc=0x0000000002a3c140 method=java.util.TreeMap.put(Ljava/lang/Object;Ljava/lang/Object;)Ljava/lang/Object; @ 127
Event: 40.283 Thread 0x0000000019a04000 Uncommon trap: reason=unstable_if action=reinterpret pc=0x00000000028651e4 method=java.lang.reflect.Method.invoke(Ljava/lang/Object;[Ljava/lang/Object;)Ljava/lang/Object; @ 18
Event: 40.650 Thread 0x0000000019a04000 Uncommon trap: reason=unstable_if action=reinterpret pc=0x000000000297e28c method=java.util.HashMap.putVal(ILjava/lang/Object;Ljava/lang/Object;ZZ)Ljava/lang/Object; @ 162
Event: 40.652 Thread 0x0000000019a04000 Uncommon trap: reason=unstable_if action=reinterpret pc=0x000000000259b86c method=java.util.HashMap.getNode(ILjava/lang/Object;)Ljava/util/HashMap$Node; @ 84
Event: 40.654 Thread 0x0000000019a04000 Uncommon trap: reason=unstable_if action=reinterpret pc=0x000000000239b60c method=java.util.HashMap.getNode(ILjava/lang/Object;)Ljava/util/HashMap$Node; @ 84
Event: 40.659 Thread 0x0000000019a04000 Uncommon trap: reason=unstable_if action=reinterpret pc=0x000000000245557c method=java.util.HashMap.resize()[Ljava/util/HashMap$Node; @ 206

Internal exceptions (10 events):
Event: 37.622 Thread 0x0000000019a04000 Exception <a 'java/lang/ClassNotFoundException': org/springframework/beans/factory/BeanClassLoaderAwareCustomizer> (0x00000000d80722c0) thrown at [C:\re\workspace\8-2-build-windows-amd64-cygwin\jdk8u144\9417\hotspot\src\share\vm\classfile\systemDictionary
Event: 37.624 Thread 0x0000000019a04000 Exception <a 'java/lang/ClassNotFoundException': org/springframework/beans/factory/BeanFactoryAwareCustomizer> (0x00000000d808a4c8) thrown at [C:\re\workspace\8-2-build-windows-amd64-cygwin\jdk8u144\9417\hotspot\src\share\vm\classfile\systemDictionary.cpp
Event: 37.626 Thread 0x0000000019a04000 Exception <a 'java/lang/ClassNotFoundException': org/springframework/beans/factory/BeanNameAwareCustomizer> (0x00000000d80a1c98) thrown at [C:\re\workspace\8-2-build-windows-amd64-cygwin\jdk8u144\9417\hotspot\src\share\vm\classfile\systemDictionary.cpp, l
Event: 37.628 Thread 0x0000000019a04000 Exception <a 'java/lang/ClassNotFoundException': org/springframework/beans/factory/InitializingBeanCustomizer> (0x00000000d80b9dc0) thrown at [C:\re\workspace\8-2-build-windows-amd64-cygwin\jdk8u144\9417\hotspot\src\share\vm\classfile\systemDictionary.cpp
Event: 37.629 Thread 0x0000000019a04000 Exception <a 'java/lang/ClassNotFoundException': org/springframework/beans/factory/DisposableBeanCustomizer> (0x00000000d80d0768) thrown at [C:\re\workspace\8-2-build-windows-amd64-cygwin\jdk8u144\9417\hotspot\src\share\vm\classfile\systemDictionary.cpp, 
Event: 37.630 Thread 0x0000000019a04000 Exception <a 'java/lang/ClassNotFoundException': org/springframework/orm/jpa/EntityManagerFactoryInfoCustomizer> (0x00000000d80e86f8) thrown at [C:\re\workspace\8-2-build-windows-amd64-cygwin\jdk8u144\9417\hotspot\src\share\vm\classfile\systemDictionary.c
Event: 37.632 Thread 0x0000000019a04000 Exception <a 'java/lang/ClassNotFoundException': org/springframework/dao/support/PersistenceExceptionTranslatorCustomizer> (0x00000000d810c648) thrown at [C:\re\workspace\8-2-build-windows-amd64-cygwin\jdk8u144\9417\hotspot\src\share\vm\classfile\systemDi
Event: 37.633 Thread 0x0000000019a04000 Exception <a 'java/lang/ClassNotFoundException': java/io/SerializableCustomizer> (0x00000000d81158d8) thrown at [C:\re\workspace\8-2-build-windows-amd64-cygwin\jdk8u144\9417\hotspot\src\share\vm\classfile\systemDictionary.cpp, line 210]
Event: 39.230 Thread 0x0000000019a04000 Exception <a 'java/lang/AbstractMethodError': oracle.jdbc.driver.T4CConnection.getSchema()Ljava/lang/String;> (0x00000000da7a1c88) thrown at [C:\re\workspace\8-2-build-windows-amd64-cygwin\jdk8u144\9417\hotspot\src\share\vm\interpreter\linkResolver.cpp, l
Event: 39.230 Thread 0x0000000019a04000 Exception <a 'java/lang/reflect/InvocationTargetException'> (0x00000000da7a2078) thrown at [C:\re\workspace\8-2-build-windows-amd64-cygwin\jdk8u144\9417\hotspot\src\share\vm\runtime\reflection.cpp, line 954]

Events (10 events):
Event: 41.097 loading class org/hibernate/loader/plan/exec/internal/AbstractCollectionLoadQueryDetails$CollectionLoaderRowReader
Event: 41.097 loading class org/hibernate/loader/plan/exec/internal/AbstractCollectionLoadQueryDetails$CollectionLoaderRowReader done
Event: 41.100 loading class org/hibernate/internal/StaticFilterAliasGenerator
Event: 41.100 loading class org/hibernate/internal/StaticFilterAliasGenerator done
Event: 41.102 loading class org/hibernate/internal/SessionFactoryImpl$2
Event: 41.102 loading class org/hibernate/internal/SessionFactoryImpl$2 done
Event: 41.103 loading class org/hibernate/hql/spi/id/global/PreparationContextImpl
Event: 41.103 loading class org/hibernate/hql/spi/id/global/PreparationContextImpl done
Event: 41.104 loading class org/hibernate/hql/spi/id/IdTableHelper
Event: 41.104 loading class org/hibernate/hql/spi/id/IdTableHelper done


Dynamic libraries:
0x00007ff632630000 - 0x00007ff632667000 	C:\Program Files\Java\jdk1.8.0_144\jre\bin\java.exe
0x00007ffc58310000 - 0x00007ffc584b6000 	C:\WINDOWS\SYSTEM32\ntdll.dll
0x00007ffc58110000 - 0x00007ffc5824a000 	C:\WINDOWS\system32\KERNEL32.DLL
0x00007ffc559e0000 - 0x00007ffc55aef000 	C:\WINDOWS\system32\KERNELBASE.dll
0x00007ffc542c0000 - 0x00007ffc54348000 	C:\WINDOWS\system32\apphelp.dll
0x00007ffc3cd10000 - 0x00007ffc3cd5f000 	C:\WINDOWS\AppPatch\AppPatch64\AcGenral.DLL
0x00007ffc55c60000 - 0x00007ffc55d07000 	C:\WINDOWS\system32\msvcrt.dll
0x00007ffc55460000 - 0x00007ffc5548b000 	C:\WINDOWS\SYSTEM32\SspiCli.dll
0x00007ffc56010000 - 0x00007ffc56061000 	C:\WINDOWS\system32\SHLWAPI.dll
0x00007ffc563c0000 - 0x00007ffc56531000 	C:\WINDOWS\system32\USER32.dll
0x00007ffc565a0000 - 0x00007ffc56718000 	C:\WINDOWS\system32\ole32.dll
0x00007ffc56c60000 - 0x00007ffc5806f000 	C:\WINDOWS\system32\SHELL32.dll
0x00007ffc54ca0000 - 0x00007ffc54cbe000 	C:\WINDOWS\SYSTEM32\USERENV.dll
0x00007ffc58260000 - 0x00007ffc58305000 	C:\WINDOWS\system32\ADVAPI32.dll
0x00007ffc4d620000 - 0x00007ffc4d63b000 	C:\WINDOWS\SYSTEM32\MPR.dll
0x00007ffc55d10000 - 0x00007ffc55e47000 	C:\WINDOWS\system32\RPCRT4.dll
0x00007ffc55f70000 - 0x00007ffc55fc7000 	C:\WINDOWS\SYSTEM32\sechost.dll
0x00007ffc56070000 - 0x00007ffc56246000 	C:\WINDOWS\SYSTEM32\combase.dll
0x00007ffc56250000 - 0x00007ffc56394000 	C:\WINDOWS\system32\GDI32.dll
0x00007ffc55690000 - 0x00007ffc556a4000 	C:\WINDOWS\SYSTEM32\profapi.dll
0x00007ffc53910000 - 0x00007ffc539af000 	C:\WINDOWS\SYSTEM32\SHCORE.dll
0x00007ffc55fd0000 - 0x00007ffc56004000 	C:\WINDOWS\system32\IMM32.DLL
0x00007ffc568c0000 - 0x00007ffc569f9000 	C:\WINDOWS\system32\MSCTF.dll
0x00007ffc53070000 - 0x00007ffc532ca000 	C:\WINDOWS\WinSxS\amd64_microsoft.windows.common-controls_6595b64144ccf1df_6.0.9600.17031_none_6242a4b3ecbb55a1\COMCTL32.dll
0x00000000524d0000 - 0x00000000525a2000 	C:\Program Files\Java\jdk1.8.0_144\jre\bin\msvcr100.dll
0x0000000051c30000 - 0x00000000524cd000 	C:\Program Files\Java\jdk1.8.0_144\jre\bin\server\jvm.dll
0x00007ffc4d6a0000 - 0x00007ffc4d6a9000 	C:\WINDOWS\SYSTEM32\WSOCK32.dll
0x00007ffc50c00000 - 0x00007ffc50c1f000 	C:\WINDOWS\SYSTEM32\WINMM.dll
0x00007ffc4fd70000 - 0x00007ffc4fd7a000 	C:\WINDOWS\SYSTEM32\VERSION.dll
0x00007ffc56c50000 - 0x00007ffc56c57000 	C:\WINDOWS\system32\PSAPI.DLL
0x00007ffc55e50000 - 0x00007ffc55ea8000 	C:\WINDOWS\system32\WS2_32.dll
0x00007ffc50bd0000 - 0x00007ffc50bfa000 	C:\WINDOWS\SYSTEM32\WINMMBASE.dll
0x00007ffc58250000 - 0x00007ffc58259000 	C:\WINDOWS\system32\NSI.dll
0x00007ffc55940000 - 0x00007ffc5598a000 	C:\WINDOWS\SYSTEM32\cfgmgr32.dll
0x00007ffc54510000 - 0x00007ffc54536000 	C:\WINDOWS\SYSTEM32\DEVOBJ.dll
0x0000000051c20000 - 0x0000000051c2f000 	C:\Program Files\Java\jdk1.8.0_144\jre\bin\verify.dll
0x0000000051bf0000 - 0x0000000051c19000 	C:\Program Files\Java\jdk1.8.0_144\jre\bin\java.dll
0x0000000051bd0000 - 0x0000000051be6000 	C:\Program Files\Java\jdk1.8.0_144\jre\bin\zip.dll
0x0000000051bb0000 - 0x0000000051bca000 	C:\Program Files\Java\jdk1.8.0_144\jre\bin\net.dll
0x00007ffc54ef0000 - 0x00007ffc54f48000 	C:\WINDOWS\system32\mswsock.dll
0x00007ffc506f0000 - 0x00007ffc50719000 	C:\WINDOWS\SYSTEM32\IPHLPAPI.DLL
0x00007ffc506d0000 - 0x00007ffc506da000 	C:\WINDOWS\SYSTEM32\WINNSI.DLL
0x00007ffc50140000 - 0x00007ffc50154000 	C:\WINDOWS\SYSTEM32\dhcpcsvc6.DLL
0x00007ffc50400000 - 0x00007ffc50419000 	C:\WINDOWS\SYSTEM32\dhcpcsvc.DLL
0x00007ffc54d00000 - 0x00007ffc54da3000 	C:\WINDOWS\SYSTEM32\DNSAPI.dll
0x00007ffc4d850000 - 0x00007ffc4d859000 	C:\Windows\System32\rasadhlp.dll
0x00007ffc50390000 - 0x00007ffc503f8000 	C:\WINDOWS\System32\fwpuclnt.dll
0x0000000050d40000 - 0x0000000050d4d000 	C:\Program Files\Java\jdk1.8.0_144\jre\bin\management.dll
0x00007ffc4d900000 - 0x00007ffc4d914000 	C:\WINDOWS\system32\napinsp.dll
0x00007ffc4d8e0000 - 0x00007ffc4d8f9000 	C:\WINDOWS\system32\pnrpnsp.dll
0x00007ffc51bc0000 - 0x00007ffc51bd9000 	C:\WINDOWS\system32\NLAapi.dll
0x00007ffc4d880000 - 0x00007ffc4d88c000 	C:\WINDOWS\System32\winrnr.dll
0x00007ffc4d860000 - 0x00007ffc4d873000 	C:\WINDOWS\system32\wshbth.dll
0x0000000051b90000 - 0x0000000051ba1000 	C:\Program Files\Java\jdk1.8.0_144\jre\bin\nio.dll
0x00007ffc54f50000 - 0x00007ffc54f6e000 	C:\WINDOWS\SYSTEM32\CRYPTSP.dll
0x00007ffc54b90000 - 0x00007ffc54bc5000 	C:\WINDOWS\system32\rsaenh.dll
0x00007ffc55180000 - 0x00007ffc551a6000 	C:\WINDOWS\SYSTEM32\bcrypt.dll
0x00007ffc554a0000 - 0x00007ffc55500000 	C:\WINDOWS\system32\bcryptprimitives.dll
0x00007ffc55500000 - 0x00007ffc5550a000 	C:\WINDOWS\SYSTEM32\CRYPTBASE.dll
0x0000000050ce0000 - 0x0000000050d04000 	C:\Program Files\Java\jdk1.8.0_144\jre\bin\sunec.dll

VM Arguments:
java_command: org.tyit.pnc.Application
java_class_path (initial): C:\Users\Public\workspace\reimagined-eureka\server\target\classes;C:\Users\User\.m2\repository\org\springframework\cloud\spring-cloud-starter-oauth2\1.2.1.RELEASE\spring-cloud-starter-oauth2-1.2.1.RELEASE.jar;C:\Users\User\.m2\repository\org\springframework\cloud\spring-cloud-starter-security\1.2.1.RELEASE\spring-cloud-starter-security-1.2.1.RELEASE.jar;C:\Users\User\.m2\repository\org\springframework\cloud\spring-cloud-starter\1.2.4.RELEASE\spring-cloud-starter-1.2.4.RELEASE.jar;C:\Users\User\.m2\repository\org\springframework\cloud\spring-cloud-context\1.2.4.RELEASE\spring-cloud-context-1.2.4.RELEASE.jar;C:\Users\User\.m2\repository\org\springframework\security\spring-security-crypto\4.2.3.RELEASE\spring-security-crypto-4.2.3.RELEASE.jar;C:\Users\User\.m2\repository\org\springframework\cloud\spring-cloud-commons\1.2.4.RELEASE\spring-cloud-commons-1.2.4.RELEASE.jar;C:\Users\User\.m2\repository\org\springframework\security\spring-security-rsa\1.0.3.RELEASE\spring-security-rsa-1.0.3.RELEASE.jar;C:\Users\User\.m2\repository\org\springframework\boot\spring-boot-starter-actuator\1.5.8.RELEASE\spring-boot-starter-actuator-1.5.8.RELEASE.jar;C:\Users\User\.m2\repository\org\springframework\boot\spring-boot-actuator\1.5.8.RELEASE\spring-boot-actuator-1.5.8.RELEASE.jar;C:\Users\User\.m2\repository\org\springframework\cloud\spring-cloud-security\1.2.1.RELEASE\spring-cloud-security-1.2.1.RELEASE.jar;C:\Users\User\.m2\repository\org\springframework\security\oauth\spring-security-oauth2\2.0.14.RELEASE\spring-security-oauth2-2.0.14.RELEASE.jar;C:\Users\User\.m2\repository\org\springframework\spring-beans\4.3.12.RELEASE\spring-beans-4.3.12.RELEASE.jar;C:\Users\User\.m2\repository\org\springframework\spring-context\4.3.12.RELEASE\spring-context-4.3.12.RELEASE.jar;C:\Users\User\.m2\repository\commons-codec\commons-codec\1.10\commons-codec-1.10.jar;C:\Users\User\.m2\repository\org\codehaus\jackson\jackson-mapper-asl\1.9.13\jackson-mapper-asl-1.9.13.jar;C:
Launcher Type: SUN_STANDARD

Environment Variables:
JAVA_HOME=C:\Program Files\Java\jdk1.8.0_144
CLASSPATH=.;
PATH=C:\Users\User\workspace\bin;C:\oraclexe\app\oracle\product\11.2.0\server\bin;C:\oraclexe\app\oracle\product\11.2.0\server\bin;C:\ProgramData\Oracle\Java\javapath;C:\Program Files (x86)\Intel\TXE Components\TCS\;C:\Program Files\Intel\TXE Components\TCS\;C:\WINDOWS\system32;C:\WINDOWS;C:\WINDOWS\System32\Wbem;C:\WINDOWS\System32\WindowsPowerShell\v1.0\;C:\Program Files\nodejs\;C:\ProgramData\chocolatey\bin;C:\Program Files\Java\jdk1.8.0_144\bin;C:\Program Files\Microsoft SQL Server\130\Tools\Binn\;C:\Program Files\dotnet\;C:\Android;C:\Windows\System32;C:\Program Files (x86)\MySQL\MySQL Server 5.6\bin;C:\Program Files\Microsoft\Web Platform Installer\;C:\Program Files (x86)\Microsoft ASP.NET\ASP.NET Web Pages\v1.0\;C:\Program Files\Microsoft SQL Server\110\Tools\Binn\;C:\Program Files\Microsoft SQL Server\Client SDK\ODBC\110\Tools\Binn\;C:\Program Files (x86)\Microsoft SQL Server\120\Tools\Binn\;C:\Program Files\Microsoft SQL Server\120\Tools\Binn\;C:\Program Files\Microsoft SQL Server\120\DTS\Binn\;C:\Program Files\Git\cmd;C:\Program Files\Git\mingw64\bin;C:\Program Files\Git\usr\bin;C:\Users\User\AppData\Local\Programs\Python\Python36\Scripts\;C:\Users\User\AppData\Local\Programs\Python\Python36\;C:\Users\User\AppData\Local\atom\bin;C:\Users\User\AppData\Roaming\npm;C:\Program Files\Java\jdk1.8.0_111\bin;C:\tools\mysql\current\bin;C:\Program Files\Microsoft VS Code\bin;C:\Program Files\Docker Toolbox;C:\Program Files\Oracle\VirtualBox
USERNAME=Home
OS=Windows_NT
PROCESSOR_IDENTIFIER=Intel64 Family 6 Model 55 Stepping 8, GenuineIntel



---------------  S Y S T E M  ---------------

OS: Windows 8.1 , 64 bit Build 9600 (6.3.9600.17056)

CPU:total 4 (initial active 4) (4 cores per cpu, 1 threads per core) family 6 model 55 stepping 8, cmov, cx8, fxsr, mmx, sse, sse2, sse3, ssse3, sse4.1, sse4.2, popcnt, clmul, erms, 3dnowpref, tsc, tscinvbit

Memory: 4k page, physical 8277876k(806744k free), swap 11423604k(39536k free)

vm_info: Java HotSpot(TM) 64-Bit Server VM (25.144-b01) for windows-amd64 JRE (1.8.0_144-b01), built on Jul 21 2017 21:57:33 by "java_re" with MS VC++ 10.0 (VS2010)

time: Fri Mar 02 00:25:32 2018
elapsed time: 42 seconds (0d 0h 0m 42s)

